<?xml version="1.0" encoding="UTF-8"?>
<!-- Generated by org.testng.reporters.JUnitReportReporter -->
<testsuite hostname="Ajits-MacBook-Pro.local" failures="0" tests="3" name="com.vtour.qa.Testcases.LoginPageTest" time="33.653" errors="0" timestamp="2021-08-09T18:39:25 IST" skipped="0">
  <testcase classname="com.vtour.qa.Testcases.LoginPageTest" name="logpagetitle" time="0.013"/>
  <system-out/>
  <testcase classname="com.vtour.qa.Testcases.LoginPageTest" name="validateInfo" time="18.273"/>
  <system-out/>
  <testcase classname="com.vtour.qa.Testcases.LoginPageTest" name="verifyOtp" time="15.367"/>
  <system-out/>
</testsuite> <!-- com.vtour.qa.Testcases.LoginPageTest -->
